═══ CatBoost Training Pipeline ═══
  Training data: 2016–2025
  Target year: 2026

▶ Loading data...
  Loaded 420573 records

▶ Engineering features...
  Feature matrix: (519302, 23)

▶ Training CatBoost model...
  Training samples: 321844
  Features: 20
  Categorical features: 6
0:	learn: 13927.8475202	test: 13976.1375695	best: 13976.1375695 (0)	total: 120ms	remaining: 4m
200:	learn: 955.7618715	test: 997.3669698	best: 997.3669698 (200)	total: 11.3s	remaining: 1m 41s
400:	learn: 730.8479733	test: 819.4919349	best: 819.4919349 (400)	total: 22.2s	remaining: 1m 28s
600:	learn: 623.7477700	test: 746.8335959	best: 746.8335959 (600)	total: 33.5s	remaining: 1m 17s
800:	learn: 548.7219196	test: 692.9603709	best: 692.9603709 (800)	total: 45.7s	remaining: 1m 8s
1000:	learn: 498.4227295	test: 661.4262375	best: 661.4262375 (1000)	total: 57.5s	remaining: 57.4s
1200:	learn: 454.5047422	test: 631.4996453	best: 631.4996453 (1200)	total: 1m 9s	remaining: 46.5s
1400:	learn: 419.5640841	test: 608.3469553	best: 608.3469553 (1400)	total: 1m 23s	remaining: 35.5s
1600:	learn: 389.3624828	test: 586.6041669	best: 586.5869113 (1598)	total: 1m 35s	remaining: 23.8s
1800:	learn: 366.0282646	test: 573.9467946	best: 573.9467946 (1800)	total: 1m 47s	remaining: 11.9s
1999:	learn: 346.2342890	test: 562.3060038	best: 562.3060038 (1999)	total: 2m	remaining: 0us

bestTest = 562.3060038
bestIteration = 1999


  Global residual: μ=3.4, σ=2885.1

▶ Generating predictions for 2026...
  Generating predictions for 98729 seat groups...
  Generated 98729 predictions

✅ Saved predictions.json (294.3 MB, 98729 groups)

▶ Validating...
✅ Validation passed: 98729 predictions, 202 rank thresholds
